Saving debug log to /var/log/letsencrypt/letsencrypt.log
Obtaining a new certificate
Performing the following challenges:
dns-01 challenge for nagato.yukifans.com

-------------------------------------------------------------------------------
NOTE: The IP of this machine will be publicly logged as having requested this
certificate. If you're running certbot in manual mode on a machine that is not
your server, please ensure you're okay with that.

Are you OK with your IP being logged?
-------------------------------------------------------------------------------
(Y)es/(N)o: y                                                                              [0/19]

-------------------------------------------------------------------------------
Please deploy a DNS TXT record under the name
_acme-challenge.nagato.yukifans.com with the following value:

0WR9bD80H8imM_qSgnQuq_zt1R9psaGyqmeM4JI2Xow

Before continuing, verify the record is deployed.
-------------------------------------------------------------------------------
Press Enter to Continue
Waiting for verification...
Cleaning up challenges

IMPORTANT NOTES:
 - Congratulations! Your certificate and chain have been saved at:
   /etc/letsencrypt/live/nagato.yukifans.com/fullchain.pem
   Your key file has been saved at:
   /etc/letsencrypt/live/nagato.yukifans.com/privkey.pem
   Your cert will expire on 2017-12-11. To obtain a new or tweaked
   version of this certificate in the future, simply run certbot
   again. To non-interactively renew *all* of your certificates, run
   "certbot renew"
 - If you like Certbot, please consider supporting our work by:

   Donating to ISRG / Let's Encrypt:   https://letsencrypt.org/donate
   Donating to EFF:                    https://eff.org/donate-le
